0 info it worked if it ends with ok
1 verbose cli [ '/usr/local/Cellar/node/5.10.1/bin/node',
1 verbose cli   '/usr/local/bin/npm',
1 verbose cli   'start' ]
2 info using npm@3.10.6
3 info using node@v5.10.1
4 verbose run-script [ 'prestart', 'start', 'poststart' ]
5 info lifecycle hackney-template@~prestart: hackney-template@
6 silly lifecycle hackney-template@~prestart: no script for prestart, continuing
7 info lifecycle hackney-template@~start: hackney-template@
8 verbose lifecycle hackney-template@~start: unsafe-perm in lifecycle true
9 verbose lifecycle hackney-template@~start: PATH: /usr/local/lib/node_modules/npm/bin/node-gyp-bin:/Users/borisdivjak/Documents/GitHub/hackney_template/node_modules/.bin:/usr/local/Cellar/node/5.10.1/bin:/usr/local/bin:/usr/bin:/bin:/usr/sbin:/sbin:/opt/X11/bin
10 verbose lifecycle hackney-template@~start: CWD: /Users/borisdivjak/Documents/GitHub/hackney_template
11 silly lifecycle hackney-template@~start: Args: [ '-c', 'gulp develop' ]
12 silly lifecycle hackney-template@~start: Returned: code: 1  signal: null
13 info lifecycle hackney-template@~start: Failed to exec start script
14 verbose stack Error: hackney-template@ start: `gulp develop`
14 verbose stack Exit status 1
14 verbose stack     at EventEmitter.<anonymous> (/usr/local/lib/node_modules/npm/lib/utils/lifecycle.js:255:16)
14 verbose stack     at emitTwo (events.js:100:13)
14 verbose stack     at EventEmitter.emit (events.js:185:7)
14 verbose stack     at ChildProcess.<anonymous> (/usr/local/lib/node_modules/npm/lib/utils/spawn.js:40:14)
14 verbose stack     at emitTwo (events.js:100:13)
14 verbose stack     at ChildProcess.emit (events.js:185:7)
14 verbose stack     at maybeClose (internal/child_process.js:850:16)
14 verbose stack     at Process.ChildProcess._handle.onexit (internal/child_process.js:215:5)
15 verbose pkgid hackney-template@
16 verbose cwd /Users/borisdivjak/Documents/GitHub/hackney_template
17 error Darwin 15.6.0
18 error argv "/usr/local/Cellar/node/5.10.1/bin/node" "/usr/local/bin/npm" "start"
19 error node v5.10.1
20 error npm  v3.10.6
21 error code ELIFECYCLE
22 error hackney-template@ start: `gulp develop`
22 error Exit status 1
23 error Failed at the hackney-template@ start script 'gulp develop'.
23 error Make sure you have the latest version of node.js and npm installed.
23 error If you do, this is most likely a problem with the hackney-template package,
23 error not with npm itself.
23 error Tell the author that this fails on your system:
23 error     gulp develop
23 error You can get information on how to open an issue for this project with:
23 error     npm bugs hackney-template
23 error Or if that isn't available, you can get their info via:
23 error     npm owner ls hackney-template
23 error There is likely additional logging output above.
24 verbose exit [ 1, true ]
